C:\Program Files\Microsoft Visual Studio\2022\Community\MSBuild\Microsoft\VC\v170\Microsoft.CppBuild.targets(531,5): warning MSB8028: The intermediate directory (Release\) contains files shared from another project (SFMLProject1.vcxproj).  This can lead to incorrect clean and rebuild behavior.
  main.cpp
D:\forkRepos\sfmlPhysicsExercises - Copy\SFMLProject1\main.cpp(83,82): warning C4244: '=': conversion from 'T' to 'T', possible loss of data
          with
          [
              T=int
          ]
          and
          [
              T=float
          ]
D:\forkRepos\sfmlPhysicsExercises - Copy\SFMLProject1\main.cpp(84,82): warning C4244: '=': conversion from 'T' to 'T', possible loss of data
          with
          [
              T=int
          ]
          and
          [
              T=float
          ]
D:\forkRepos\sfmlPhysicsExercises - Copy\SFMLProject1\main.cpp(120,72): warning C4244: '=': conversion from 'T' to 'T', possible loss of data
          with
          [
              T=int
          ]
          and
          [
              T=float
          ]
D:\forkRepos\sfmlPhysicsExercises - Copy\SFMLProject1\main.cpp(121,72): warning C4244: '=': conversion from 'T' to 'T', possible loss of data
          with
          [
              T=int
          ]
          and
          [
              T=float
          ]
  Generating code
  25 of 26 functions (96.2%) were compiled, the rest were copied from previous compilation.
    0 functions were new in current compilation
    0 functions had inline decision re-evaluated but remain unchanged
  Finished generating code
  SFMLProject1.vcxproj -> D:\forkRepos\sfmlPhysicsExercises - Copy\Release\Ex1_1.exe
